Arguments: 
  C:\Program Files\nodejs\node.exe C:\Users\userb\AppData\Roaming\npm\node_modules\yarn\bin\yarn.js init

PATH: 
  C:\Users\userb\bin;C:\Program Files\Git\mingw64\bin;C:\Program Files\Git\usr\local\bin;C:\Program Files\Git\usr\bin;C:\Program Files\Git\usr\bin;C:\Program Files\Git\cmd;C:\Program Files\Git\usr\bin;C:\Users\userb\Downloads\ConEmuPack.200713\ConEmu\Scripts;C:\Users\userb\Downloads\ConEmuPack.200713;C:\Users\userb\Downloads\ConEmuPack.200713\ConEmu;C:\Program Files\AdoptOpenJDK\jdk-15.0.2.7-hotspot\bin;C:\WINDOWS\system32;C:\WINDOWS;C:\WINDOWS\System32\Wbem;C:\WINDOWS\System32\WindowsPowerShell\v1.0;C:\WINDOWS\System32\OpenSSH;C:\Program Files (x86)\ATI Technologies\ATI.ACE\Core-Static;C:\Program Files\dotnet;C:\Program Files (x86)\Microsoft SQL Server\150\DTS\Binn;C:\Program Files (x86)\Microsoft Team Foundation Server 2015 Power Tools;C:\Program Files\Microsoft SQL Server\Client SDK\ODBC\110\Tools\Binn;C:\Program Files (x86)\Microsoft SQL Server\120\Tools\Binn;C:\Program Files\Microsoft SQL Server\120\Tools\Binn;C:\Program Files\Microsoft SQL Server\120\DTS\Binn;C:\Program Files (x86)\Microsoft SQL Server\120\Tools\Binn\ManagementStudio;C:\Program Files (x86)\Microsoft SQL Server\120\DTS\Binn;C:\Program Files\Git\cmd;C:\Program Files\Microsoft SQL Server\Client SDK\ODBC\170\Tools\Binn;C:\Program Files\nodejs;C:\Program Files (x86)\NuGet;C:\Program Files\Microsoft SQL Server\Client SDK\ODBC\130\Tools\Binn;C:\Program Files (x86)\Microsoft SQL Server\Client SDK\ODBC\110\Tools\Binn;C:\Program Files (x86)\Microsoft SQL Server\140\Tools\Binn;C:\Program Files\Microsoft SQL Server\140\Tools\Binn;C:\Program Files\Microsoft SQL Server\140\DTS\Binn;C:\Program Files (x86)\Microsoft SQL Server\130\Tools\Binn;C:\Program Files\Microsoft SQL Server\130\Tools\Binn;C:\Program Files\Microsoft SQL Server\130\DTS\Binn;C:\Program Files\Docker\Docker\resources\bin;C:\ProgramData\DockerDesktop\version-bin;C:\Program Files (x86)\dotnet;C:\Users\userb\AppData\Local\Microsoft\WindowsApps;C:\Users\userb\.dotnet\tools;C:\Users\userb\AppData\Roaming\npm;C:\Users\userb\AppData\Local\Programs\Microsoft VS Code\bin;C:\Users\userb\AppData\Local\Microsoft\WindowsApps;C:\Program Files\JetBrains\WebStorm 2020.1\bin;C:\Users\userb\.dotnet\tools;C:\Users\userb\AppData\Local\Programs\Fiddler;C:\Users\userb\.dotnet\tools;C:\Users\userb\AppData\Local\gitkraken\bin;C:\Users\userb\AppData\Local\GitHubDesktop\bin;C:\Users\userb\.dotnet\tools;C:\Program Files\Git\usr\bin\vendor_perl;C:\Program Files\Git\usr\bin\core_perl

Yarn version: 
  1.22.10

Node version: 
  10.16.0

Platform: 
  win32 x64

Trace: 
  Error: Can't answer a question unless a user TTY
      at ConsoleReporter.question (C:\Users\userb\AppData\Roaming\npm\node_modules\yarn\lib\cli.js:96361:59)
      at Object.<anonymous> (C:\Users\userb\AppData\Roaming\npm\node_modules\yarn\lib\cli.js:88636:38)
      at Generator.next (<anonymous>)
      at step (C:\Users\userb\AppData\Roaming\npm\node_modules\yarn\lib\cli.js:310:30)
      at C:\Users\userb\AppData\Roaming\npm\node_modules\yarn\lib\cli.js:321:13
      at process._tickCallback (internal/process/next_tick.js:68:7)

npm manifest: 
  No manifest

yarn manifest: 
  No manifest

Lockfile: 
  No lockfile
